c:\users\johnw\documents\year 3\networking\server\server\debug\vc142.pdb
c:\users\johnw\documents\year 3\networking\server\server\debug\vc142.idb
c:\users\johnw\documents\year 3\networking\server\server\debug\main.obj
c:\users\johnw\documents\year 3\networking\server\server\debug\server.obj
c:\users\johnw\documents\year 3\networking\server\server\debug\servernetwork.obj
c:\users\johnw\documents\year 3\networking\server\server\debug\networkservices.obj
d:\code\serverclient\server\server\debug\vc142.pdb
d:\code\serverclient\server\server\debug\vc142.idb
d:\code\serverclient\server\server\debug\main.obj
d:\code\serverclient\server\server\debug\servernetwork.obj
c:\users\johnw\documents\year 3\networking\server\debug\server.exe
c:\users\johnw\documents\year 3\networking\server\debug\server.ilk
c:\users\johnw\documents\year 3\networking\server\debug\server.pdb
d:\code\serverclient\server\debug\server.exe
d:\code\serverclient\server\debug\server.ilk
d:\code\serverclient\server\debug\server.pdb
d:\code\serverclient\server\server\debug\networkservices.obj
d:\code\serverclient\server\server\debug\server.obj
d:\code\serverclient\server\server\debug\server.tlog\cl.command.1.tlog
d:\code\serverclient\server\server\debug\server.tlog\cl.read.1.tlog
d:\code\serverclient\server\server\debug\server.tlog\cl.write.1.tlog
d:\code\serverclient\server\server\debug\server.tlog\link.command.1.tlog
d:\code\serverclient\server\server\debug\server.tlog\link.read.1.tlog
d:\code\serverclient\server\server\debug\server.tlog\link.write.1.tlog
